<?xml version="1.0" encoding="UTF-8"?>
<testng-results ignored="0" total="2" passed="2" failed="0" skipped="0">
  <reporter-output>
  </reporter-output>
  <suite started-at="2023-08-18T09:12:48 IST" name="Default suite" finished-at="2023-08-18T09:12:48 IST" duration-ms="72">
    <groups>
    </groups>
    <test started-at="2023-08-18T09:12:48 IST" name="Default test" finished-at="2023-08-18T09:12:48 IST" duration-ms="72">
      <class name="TestClass.NewTest">
        <test-method is-config="true" signature="beforeTest()[pri:0, instance:TestClass.NewTest@5ab9e72c]" started-at="2023-08-18T09:12:48 IST" name="beforeTest" finished-at="2023-08-18T09:12:48 IST" duration-ms="18" status="PASS">
          <reporter-output>
          </reporter-output>
        </test-method> <!-- beforeTest -->
        <test-method signature="f()[pri:0, instance:TestClass.NewTest@5ab9e72c]" started-at="2023-08-18T09:12:48 IST" name="f" finished-at="2023-08-18T09:12:48 IST" duration-ms="10" status="PASS">
          <reporter-output>
          </reporter-output>
        </test-method> <!-- f -->
        <test-method signature="f2()[pri:0, instance:TestClass.NewTest@5ab9e72c]" started-at="2023-08-18T09:12:48 IST" name="f2" finished-at="2023-08-18T09:12:48 IST" duration-ms="2" status="PASS">
          <reporter-output>
          </reporter-output>
        </test-method> <!-- f2 -->
        <test-method is-config="true" signature="afterTest()[pri:0, instance:TestClass.NewTest@5ab9e72c]" started-at="2023-08-18T09:12:48 IST" name="afterTest" finished-at="2023-08-18T09:12:48 IST" duration-ms="0" status="PASS">
          <reporter-output>
          </reporter-output>
        </test-method> <!-- afterTest -->
      </class> <!-- TestClass.NewTest -->
    </test> <!-- Default test -->
  </suite> <!-- Default suite -->
</testng-results>
